The target system is: Linux - 1 - 
The host system is: Linux - 4.4.0-83-generic - x86_64
Compiling the C compiler identification source file "CMakeCCompilerId.c" succeeded.
Compiler: /opt/odroid-x2/compiler/bin/arm-linux-gnueabihf-gcc 
Build flags: -std=c++11;;--sysroot=/opt/odroid-x2/sdk;--sysroot=/opt/odroid-x2/sdk
Id flags: 

The output was:
0
cc1: warning: command line option ‘-std=c++11’ is valid for C++/ObjC++ but not for C [enabled by default]


Compilation of the C compiler identification source "CMakeCCompilerId.c" produced "a.out"

The C compiler identification is GNU, found in "/home/fatoks/catkin_ws_user/odroid-build/auto_stop_usr/CMakeFiles/2.8.12.2/CompilerIdC/a.out"

Compiling the CXX compiler identification source file "CMakeCXXCompilerId.cpp" succeeded.
Compiler: /opt/odroid-x2/compiler/bin/arm-linux-gnueabihf-g++ 
Build flags: -std=c++11;;--sysroot=/opt/odroid-x2/sdk;--sysroot=/opt/odroid-x2/sdk
Id flags: 

The output was:
0


Compilation of the CXX compiler identification source "CMakeCXXCompilerId.cpp" produced "a.out"

The CXX compiler identification is GNU, found in "/home/fatoks/catkin_ws_user/odroid-build/auto_stop_usr/CMakeFiles/2.8.12.2/CompilerIdCXX/a.out"

Determining if the C compiler works passed with the following output:
Change Dir: /home/fatoks/catkin_ws_user/odroid-build/auto_stop_usr/CMakeFiles/CMakeTmp

Run Build Command:/usr/bin/make "cmTryCompileExec2914378345/fast"
/usr/bin/make -f CMakeFiles/cmTryCompileExec2914378345.dir/build.make CMakeFiles/cmTryCompileExec2914378345.dir/build
make[1]: se ingresa al directorio «/home/fatoks/catkin_ws_user/odroid-build/auto_stop_usr/CMakeFiles/CMakeTmp»
/usr/bin/cmake -E cmake_progress_report /home/fatoks/catkin_ws_user/odroid-build/auto_stop_usr/CMakeFiles/CMakeTmp/CMakeFiles 1
Building C object CMakeFiles/cmTryCompileExec2914378345.dir/testCCompiler.c.o
/opt/odroid-x2/compiler/bin/arm-linux-gnueabihf-gcc    -o CMakeFiles/cmTryCompileExec2914378345.dir/testCCompiler.c.o   -c /home/fatoks/catkin_ws_user/odroid-build/auto_stop_usr/CMakeFiles/CMakeTmp/testCCompiler.c
Linking C executable cmTryCompileExec2914378345
/usr/bin/cmake -E cmake_link_script CMakeFiles/cmTryCompileExec2914378345.dir/link.txt --verbose=1
/opt/odroid-x2/compiler/bin/arm-linux-gnueabihf-gcc       CMakeFiles/cmTryCompileExec2914378345.dir/testCCompiler.c.o  -o cmTryCompileExec2914378345  -L/opt/odroid-x2/sdk/usr/lib/arm-linux-gnueabihf -rdynamic 
make[1]: se sale del directorio «/home/fatoks/catkin_ws_user/odroid-build/auto_stop_usr/CMakeFiles/CMakeTmp»


Detecting C compiler ABI info compiled with the following output:
Change Dir: /home/fatoks/catkin_ws_user/odroid-build/auto_stop_usr/CMakeFiles/CMakeTmp

Run Build Command:/usr/bin/make "cmTryCompileExec890741754/fast"
/usr/bin/make -f CMakeFiles/cmTryCompileExec890741754.dir/build.make CMakeFiles/cmTryCompileExec890741754.dir/build
make[1]: se ingresa al directorio «/home/fatoks/catkin_ws_user/odroid-build/auto_stop_usr/CMakeFiles/CMakeTmp»
/usr/bin/cmake -E cmake_progress_report /home/fatoks/catkin_ws_user/odroid-build/auto_stop_usr/CMakeFiles/CMakeTmp/CMakeFiles 1
Building C object CMakeFiles/cmTryCompileExec890741754.dir/CMakeCCompilerABI.c.o
/opt/odroid-x2/compiler/bin/arm-linux-gnueabihf-gcc    -o CMakeFiles/cmTryCompileExec890741754.dir/CMakeCCompilerABI.c.o   -c /usr/share/cmake-2.8/Modules/CMakeCCompilerABI.c
Linking C executable cmTryCompileExec890741754
/usr/bin/cmake -E cmake_link_script CMakeFiles/cmTryCompileExec890741754.dir/link.txt --verbose=1
/opt/odroid-x2/compiler/bin/arm-linux-gnueabihf-gcc     -v CMakeFiles/cmTryCompileExec890741754.dir/CMakeCCompilerABI.c.o  -o cmTryCompileExec890741754  -L/opt/odroid-x2/sdk/usr/lib/arm-linux-gnueabihf -rdynamic  
Usando especificaciones internas.
COLLECT_GCC=/opt/odroid-x2/compiler/bin/arm-linux-gnueabihf-gcc
COLLECT_LTO_WRAPPER=/opt/odroid-x2/compiler/bin/../libexec/gcc/arm-linux-gnueabihf/4.7.2/lto-wrapper
Objetivo: arm-linux-gnueabihf
Configurado con: /cbuild/slaves/oort12/crosstool-ng/builds/arm-linux-gnueabihf-linux/.build/src/gcc-linaro-4.7-2012.08/configure --build=i686-build_pc-linux-gnu --host=i686-build_pc-linux-gnu --target=arm-linux-gnueabihf --prefix=/cbuild/slaves/oort12/crosstool-ng/builds/arm-linux-gnueabihf-linux/install --with-sysroot=/cbuild/slaves/oort12/crosstool-ng/builds/arm-linux-gnueabihf-linux/install/arm-linux-gnueabihf/libc --enable-languages=c,c++,fortran --enable-multilib --with-arch=armv7-a --with-tune=cortex-a9 --with-fpu=vfpv3-d16 --with-float=hard --with-pkgversion='crosstool-NG linaro-1.13.1-2012.08-20120827 - Linaro GCC 2012.08' --with-bugurl=https://bugs.launchpad.net/gcc-linaro --enable-__cxa_atexit --enable-libmudflap --enable-libgomp --enable-libssp --with-gmp=/cbuild/slaves/oort12/crosstool-ng/builds/arm-linux-gnueabihf-linux/.build/arm-linux-gnueabihf/build/static --with-mpfr=/cbuild/slaves/oort12/crosstool-ng/builds/arm-linux-gnueabihf-linux/.build/arm-linux-gnueabihf/build/static --with-mpc=/cbuild/slaves/oort12/crosstool-ng/builds/arm-linux-gnueabihf-linux/.build/arm-linux-gnueabihf/build/static --with-ppl=/cbuild/slaves/oort12/crosstool-ng/builds/arm-linux-gnueabihf-linux/.build/arm-linux-gnueabihf/build/static --with-cloog=/cbuild/slaves/oort12/crosstool-ng/builds/arm-linux-gnueabihf-linux/.build/arm-linux-gnueabihf/build/static --with-libelf=/cbuild/slaves/oort12/crosstool-ng/builds/arm-linux-gnueabihf-linux/.build/arm-linux-gnueabihf/build/static --with-host-libstdcxx='-L/cbuild/slaves/oort12/crosstool-ng/builds/arm-linux-gnueabihf-linux/.build/arm-linux-gnueabihf/build/static/lib -lpwl' --enable-threads=posix --disable-libstdcxx-pch --enable-linker-build-id --enable-gold --with-local-prefix=/cbuild/slaves/oort12/crosstool-ng/builds/arm-linux-gnueabihf-linux/install/arm-linux-gnueabihf/libc --enable-c99 --enable-long-long --with-mode=thumb
Modelo de hilos: posix
gcc versión 4.7.2 20120731 (prerelease) (crosstool-NG linaro-1.13.1-2012.08-20120827 - Linaro GCC 2012.08) 
COMPILER_PATH=/opt/odroid-x2/compiler/bin/../libexec/gcc/arm-linux-gnueabihf/4.7.2/:/opt/odroid-x2/compiler/bin/../libexec/gcc/:/opt/odroid-x2/compiler/bin/../libexec/gcc/arm-linux-gnueabihf/:/opt/odroid-x2/compiler/bin/../lib/gcc/arm-linux-gnueabihf/4.7.2/../../../../arm-linux-gnueabihf/bin/
LIBRARY_PATH=/opt/odroid-x2/compiler/bin/../lib/gcc/arm-linux-gnueabihf/4.7.2/:/opt/odroid-x2/compiler/bin/../lib/gcc/:/opt/odroid-x2/compiler/bin/../lib/gcc/arm-linux-gnueabihf/:/opt/odroid-x2/compiler/bin/../lib/gcc/arm-linux-gnueabihf/4.7.2/../../../../arm-linux-gnueabihf/lib/:/opt/odroid-x2/compiler/bin/../arm-linux-gnueabihf/libc/lib/:/opt/odroid-x2/compiler/bin/../arm-linux-gnueabihf/libc/lib/arm-linux-gnueabihf/:/opt/odroid-x2/compiler/bin/../arm-linux-gnueabihf/libc/usr/lib/:/opt/odroid-x2/compiler/bin/../arm-linux-gnueabihf/libc/usr/lib/arm-linux-gnueabihf/
COLLECT_GCC_OPTIONS='-v' '-o' 'cmTryCompileExec890741754' '-L/opt/odroid-x2/sdk/usr/lib/arm-linux-gnueabihf' '-rdynamic' '-march=armv7-a' '-mtune=cortex-a9' '-mfloat-abi=hard' '-mfpu=vfpv3-d16' '-mthumb' '-mtls-dialect=gnu'
 /opt/odroid-x2/compiler/bin/../libexec/gcc/arm-linux-gnueabihf/4.7.2/collect2 --sysroot=/opt/odroid-x2/compiler/bin/../arm-linux-gnueabihf/libc --build-id --eh-frame-hdr -export-dynamic -dynamic-linker /lib/ld-linux-armhf.so.3 -X -m armelf_linux_eabi -o cmTryCompileExec890741754 /opt/odroid-x2/compiler/bin/../arm-linux-gnueabihf/libc/usr/lib/arm-linux-gnueabihf/crt1.o /opt/odroid-x2/compiler/bin/../arm-linux-gnueabihf/libc/usr/lib/arm-linux-gnueabihf/crti.o /opt/odroid-x2/compiler/bin/../lib/gcc/arm-linux-gnueabihf/4.7.2/crtbegin.o -L/opt/odroid-x2/sdk/usr/lib/arm-linux-gnueabihf -L/opt/odroid-x2/compiler/bin/../lib/gcc/arm-linux-gnueabihf/4.7.2 -L/opt/odroid-x2/compiler/bin/../lib/gcc -L/opt/odroid-x2/compiler/bin/../lib/gcc/arm-linux-gnueabihf -L/opt/odroid-x2/compiler/bin/../lib/gcc/arm-linux-gnueabihf/4.7.2/../../../../arm-linux-gnueabihf/lib -L/opt/odroid-x2/compiler/bin/../arm-linux-gnueabihf/libc/lib -L/opt/odroid-x2/compiler/bin/../arm-linux-gnueabihf/libc/lib/arm-linux-gnueabihf -L/opt/odroid-x2/compiler/bin/../arm-linux-gnueabihf/libc/usr/lib -L/opt/odroid-x2/compiler/bin/../arm-linux-gnueabihf/libc/usr/lib/arm-linux-gnueabihf CMakeFiles/cmTryCompileExec890741754.dir/CMakeCCompilerABI.c.o -lgcc --as-needed -lgcc_s --no-as-needed -lc -lgcc --as-needed -lgcc_s --no-as-needed /opt/odroid-x2/compiler/bin/../lib/gcc/arm-linux-gnueabihf/4.7.2/crtend.o /opt/odroid-x2/compiler/bin/../arm-linux-gnueabihf/libc/usr/lib/arm-linux-gnueabihf/crtn.o
make[1]: se sale del directorio «/home/fatoks/catkin_ws_user/odroid-build/auto_stop_usr/CMakeFiles/CMakeTmp»


Parsed C implicit link information from above output:
  link line regex: [^( *|.*[/\])(arm-linux-gnueabihf-ld|([^/\]+-)?ld|collect2)[^/\]*( |$)]
  ignore line: [Change Dir: /home/fatoks/catkin_ws_user/odroid-build/auto_stop_usr/CMakeFiles/CMakeTmp]
  ignore line: []
  ignore line: [Run Build Command:/usr/bin/make "cmTryCompileExec890741754/fast"]
  ignore line: [/usr/bin/make -f CMakeFiles/cmTryCompileExec890741754.dir/build.make CMakeFiles/cmTryCompileExec890741754.dir/build]
  ignore line: [make[1]: se ingresa al directorio «/home/fatoks/catkin_ws_user/odroid-build/auto_stop_usr/CMakeFiles/CMakeTmp»]
  ignore line: [/usr/bin/cmake -E cmake_progress_report /home/fatoks/catkin_ws_user/odroid-build/auto_stop_usr/CMakeFiles/CMakeTmp/CMakeFiles 1]
  ignore line: [Building C object CMakeFiles/cmTryCompileExec890741754.dir/CMakeCCompilerABI.c.o]
  ignore line: [/opt/odroid-x2/compiler/bin/arm-linux-gnueabihf-gcc    -o CMakeFiles/cmTryCompileExec890741754.dir/CMakeCCompilerABI.c.o   -c /usr/share/cmake-2.8/Modules/CMakeCCompilerABI.c]
  ignore line: [Linking C executable cmTryCompileExec890741754]
  ignore line: [/usr/bin/cmake -E cmake_link_script CMakeFiles/cmTryCompileExec890741754.dir/link.txt --verbose=1]
  ignore line: [/opt/odroid-x2/compiler/bin/arm-linux-gnueabihf-gcc     -v CMakeFiles/cmTryCompileExec890741754.dir/CMakeCCompilerABI.c.o  -o cmTryCompileExec890741754  -L/opt/odroid-x2/sdk/usr/lib/arm-linux-gnueabihf -rdynamic  ]
  ignore line: [Usando especificaciones internas.]
  ignore line: [COLLECT_GCC=/opt/odroid-x2/compiler/bin/arm-linux-gnueabihf-gcc]
  ignore line: [COLLECT_LTO_WRAPPER=/opt/odroid-x2/compiler/bin/../libexec/gcc/arm-linux-gnueabihf/4.7.2/lto-wrapper]
  ignore line: [Objetivo: arm-linux-gnueabihf]
  ignore line: [Configurado con: /cbuild/slaves/oort12/crosstool-ng/builds/arm-linux-gnueabihf-linux/.build/src/gcc-linaro-4.7-2012.08/configure --build=i686-build_pc-linux-gnu --host=i686-build_pc-linux-gnu --target=arm-linux-gnueabihf --prefix=/cbuild/slaves/oort12/crosstool-ng/builds/arm-linux-gnueabihf-linux/install --with-sysroot=/cbuild/slaves/oort12/crosstool-ng/builds/arm-linux-gnueabihf-linux/install/arm-linux-gnueabihf/libc --enable-languages=c,c++,fortran --enable-multilib --with-arch=armv7-a --with-tune=cortex-a9 --with-fpu=vfpv3-d16 --with-float=hard --with-pkgversion='crosstool-NG linaro-1.13.1-2012.08-20120827 - Linaro GCC 2012.08' --with-bugurl=https://bugs.launchpad.net/gcc-linaro --enable-__cxa_atexit --enable-libmudflap --enable-libgomp --enable-libssp --with-gmp=/cbuild/slaves/oort12/crosstool-ng/builds/arm-linux-gnueabihf-linux/.build/arm-linux-gnueabihf/build/static --with-mpfr=/cbuild/slaves/oort12/crosstool-ng/builds/arm-linux-gnueabihf-linux/.build/arm-linux-gnueabihf/build/static --with-mpc=/cbuild/slaves/oort12/crosstool-ng/builds/arm-linux-gnueabihf-linux/.build/arm-linux-gnueabihf/build/static --with-ppl=/cbuild/slaves/oort12/crosstool-ng/builds/arm-linux-gnueabihf-linux/.build/arm-linux-gnueabihf/build/static --with-cloog=/cbuild/slaves/oort12/crosstool-ng/builds/arm-linux-gnueabihf-linux/.build/arm-linux-gnueabihf/build/static --with-libelf=/cbuild/slaves/oort12/crosstool-ng/builds/arm-linux-gnueabihf-linux/.build/arm-linux-gnueabihf/build/static --with-host-libstdcxx='-L/cbuild/slaves/oort12/crosstool-ng/builds/arm-linux-gnueabihf-linux/.build/arm-linux-gnueabihf/build/static/lib -lpwl' --enable-threads=posix --disable-libstdcxx-pch --enable-linker-build-id --enable-gold --with-local-prefix=/cbuild/slaves/oort12/crosstool-ng/builds/arm-linux-gnueabihf-linux/install/arm-linux-gnueabihf/libc --enable-c99 --enable-long-long --with-mode=thumb]
  ignore line: [Modelo de hilos: posix]
  ignore line: [gcc versión 4.7.2 20120731 (prerelease) (crosstool-NG linaro-1.13.1-2012.08-20120827 - Linaro GCC 2012.08) ]
  ignore line: [COMPILER_PATH=/opt/odroid-x2/compiler/bin/../libexec/gcc/arm-linux-gnueabihf/4.7.2/:/opt/odroid-x2/compiler/bin/../libexec/gcc/:/opt/odroid-x2/compiler/bin/../libexec/gcc/arm-linux-gnueabihf/:/opt/odroid-x2/compiler/bin/../lib/gcc/arm-linux-gnueabihf/4.7.2/../../../../arm-linux-gnueabihf/bin/]
  ignore line: [LIBRARY_PATH=/opt/odroid-x2/compiler/bin/../lib/gcc/arm-linux-gnueabihf/4.7.2/:/opt/odroid-x2/compiler/bin/../lib/gcc/:/opt/odroid-x2/compiler/bin/../lib/gcc/arm-linux-gnueabihf/:/opt/odroid-x2/compiler/bin/../lib/gcc/arm-linux-gnueabihf/4.7.2/../../../../arm-linux-gnueabihf/lib/:/opt/odroid-x2/compiler/bin/../arm-linux-gnueabihf/libc/lib/:/opt/odroid-x2/compiler/bin/../arm-linux-gnueabihf/libc/lib/arm-linux-gnueabihf/:/opt/odroid-x2/compiler/bin/../arm-linux-gnueabihf/libc/usr/lib/:/opt/odroid-x2/compiler/bin/../arm-linux-gnueabihf/libc/usr/lib/arm-linux-gnueabihf/]
  ignore line: [COLLECT_GCC_OPTIONS='-v' '-o' 'cmTryCompileExec890741754' '-L/opt/odroid-x2/sdk/usr/lib/arm-linux-gnueabihf' '-rdynamic' '-march=armv7-a' '-mtune=cortex-a9' '-mfloat-abi=hard' '-mfpu=vfpv3-d16' '-mthumb' '-mtls-dialect=gnu']
  link line: [ /opt/odroid-x2/compiler/bin/../libexec/gcc/arm-linux-gnueabihf/4.7.2/collect2 --sysroot=/opt/odroid-x2/compiler/bin/../arm-linux-gnueabihf/libc --build-id --eh-frame-hdr -export-dynamic -dynamic-linker /lib/ld-linux-armhf.so.3 -X -m armelf_linux_eabi -o cmTryCompileExec890741754 /opt/odroid-x2/compiler/bin/../arm-linux-gnueabihf/libc/usr/lib/arm-linux-gnueabihf/crt1.o /opt/odroid-x2/compiler/bin/../arm-linux-gnueabihf/libc/usr/lib/arm-linux-gnueabihf/crti.o /opt/odroid-x2/compiler/bin/../lib/gcc/arm-linux-gnueabihf/4.7.2/crtbegin.o -L/opt/odroid-x2/sdk/usr/lib/arm-linux-gnueabihf -L/opt/odroid-x2/compiler/bin/../lib/gcc/arm-linux-gnueabihf/4.7.2 -L/opt/odroid-x2/compiler/bin/../lib/gcc -L/opt/odroid-x2/compiler/bin/../lib/gcc/arm-linux-gnueabihf -L/opt/odroid-x2/compiler/bin/../lib/gcc/arm-linux-gnueabihf/4.7.2/../../../../arm-linux-gnueabihf/lib -L/opt/odroid-x2/compiler/bin/../arm-linux-gnueabihf/libc/lib -L/opt/odroid-x2/compiler/bin/../arm-linux-gnueabihf/libc/lib/arm-linux-gnueabihf -L/opt/odroid-x2/compiler/bin/../arm-linux-gnueabihf/libc/usr/lib -L/opt/odroid-x2/compiler/bin/../arm-linux-gnueabihf/libc/usr/lib/arm-linux-gnueabihf CMakeFiles/cmTryCompileExec890741754.dir/CMakeCCompilerABI.c.o -lgcc --as-needed -lgcc_s --no-as-needed -lc -lgcc --as-needed -lgcc_s --no-as-needed /opt/odroid-x2/compiler/bin/../lib/gcc/arm-linux-gnueabihf/4.7.2/crtend.o /opt/odroid-x2/compiler/bin/../arm-linux-gnueabihf/libc/usr/lib/arm-linux-gnueabihf/crtn.o]
    arg [/opt/odroid-x2/compiler/bin/../libexec/gcc/arm-linux-gnueabihf/4.7.2/collect2] ==> ignore
    arg [--sysroot=/opt/odroid-x2/compiler/bin/../arm-linux-gnueabihf/libc] ==> ignore
    arg [--build-id] ==> ignore
    arg [--eh-frame-hdr] ==> ignore
    arg [-export-dynamic] ==> ignore
    arg [-dynamic-linker] ==> ignore
    arg [/lib/ld-linux-armhf.so.3] ==> ignore
    arg [-X] ==> ignore
    arg [-m] ==> ignore
    arg [armelf_linux_eabi] ==> ignore
    arg [-o] ==> ignore
    arg [cmTryCompileExec890741754] ==> ignore
    arg [/opt/odroid-x2/compiler/bin/../arm-linux-gnueabihf/libc/usr/lib/arm-linux-gnueabihf/crt1.o] ==> ignore
    arg [/opt/odroid-x2/compiler/bin/../arm-linux-gnueabihf/libc/usr/lib/arm-linux-gnueabihf/crti.o] ==> ignore
    arg [/opt/odroid-x2/compiler/bin/../lib/gcc/arm-linux-gnueabihf/4.7.2/crtbegin.o] ==> ignore
    arg [-L/opt/odroid-x2/sdk/usr/lib/arm-linux-gnueabihf] ==> dir [/opt/odroid-x2/sdk/usr/lib/arm-linux-gnueabihf]
    arg [-L/opt/odroid-x2/compiler/bin/../lib/gcc/arm-linux-gnueabihf/4.7.2] ==> dir [/opt/odroid-x2/compiler/bin/../lib/gcc/arm-linux-gnueabihf/4.7.2]
    arg [-L/opt/odroid-x2/compiler/bin/../lib/gcc] ==> dir [/opt/odroid-x2/compiler/bin/../lib/gcc]
    arg [-L/opt/odroid-x2/compiler/bin/../lib/gcc/arm-linux-gnueabihf] ==> dir [/opt/odroid-x2/compiler/bin/../lib/gcc/arm-linux-gnueabihf]
    arg [-L/opt/odroid-x2/compiler/bin/../lib/gcc/arm-linux-gnueabihf/4.7.2/../../../../arm-linux-gnueabihf/lib] ==> dir [/opt/odroid-x2/compiler/bin/../lib/gcc/arm-linux-gnueabihf/4.7.2/../../../../arm-linux-gnueabihf/lib]
    arg [-L/opt/odroid-x2/compiler/bin/../arm-linux-gnueabihf/libc/lib] ==> dir [/opt/odroid-x2/compiler/bin/../arm-linux-gnueabihf/libc/lib]
    arg [-L/opt/odroid-x2/compiler/bin/../arm-linux-gnueabihf/libc/lib/arm-linux-gnueabihf] ==> dir [/opt/odroid-x2/compiler/bin/../arm-linux-gnueabihf/libc/lib/arm-linux-gnueabihf]
    arg [-L/opt/odroid-x2/compiler/bin/../arm-linux-gnueabihf/libc/usr/lib] ==> dir [/opt/odroid-x2/compiler/bin/../arm-linux-gnueabihf/libc/usr/lib]
    arg [-L/opt/odroid-x2/compiler/bin/../arm-linux-gnueabihf/libc/usr/lib/arm-linux-gnueabihf] ==> dir [/opt/odroid-x2/compiler/bin/../arm-linux-gnueabihf/libc/usr/lib/arm-linux-gnueabihf]
    arg [CMakeFiles/cmTryCompileExec890741754.dir/CMakeCCompilerABI.c.o] ==> ignore
    arg [-lgcc] ==> lib [gcc]
    arg [--as-needed] ==> ignore
    arg [-lgcc_s] ==> lib [gcc_s]
    arg [--no-as-needed] ==> ignore
    arg [-lc] ==> lib [c]
    arg [-lgcc] ==> lib [gcc]
    arg [--as-needed] ==> ignore
    arg [-lgcc_s] ==> lib [gcc_s]
    arg [--no-as-needed] ==> ignore
    arg [/opt/odroid-x2/compiler/bin/../lib/gcc/arm-linux-gnueabihf/4.7.2/crtend.o] ==> ignore
    arg [/opt/odroid-x2/compiler/bin/../arm-linux-gnueabihf/libc/usr/lib/arm-linux-gnueabihf/crtn.o] ==> ignore
  remove lib [gcc]
  remove lib [gcc_s]
  remove lib [gcc]
  remove lib [gcc_s]
  collapse library dir [/opt/odroid-x2/sdk/usr/lib/arm-linux-gnueabihf] ==> [/opt/odroid-x2/sdk/usr/lib/arm-linux-gnueabihf]
  collapse library dir [/opt/odroid-x2/compiler/bin/../lib/gcc/arm-linux-gnueabihf/4.7.2] ==> [/opt/odroid-x2/compiler/lib/gcc/arm-linux-gnueabihf/4.7.2]
  collapse library dir [/opt/odroid-x2/compiler/bin/../lib/gcc] ==> [/opt/odroid-x2/compiler/lib/gcc]
  collapse library dir [/opt/odroid-x2/compiler/bin/../lib/gcc/arm-linux-gnueabihf] ==> [/opt/odroid-x2/compiler/lib/gcc/arm-linux-gnueabihf]
  collapse library dir [/opt/odroid-x2/compiler/bin/../lib/gcc/arm-linux-gnueabihf/4.7.2/../../../../arm-linux-gnueabihf/lib] ==> [/opt/odroid-x2/compiler/arm-linux-gnueabihf/lib]
  collapse library dir [/opt/odroid-x2/compiler/bin/../arm-linux-gnueabihf/libc/lib] ==> [/opt/odroid-x2/compiler/arm-linux-gnueabihf/libc/lib]
  collapse library dir [/opt/odroid-x2/compiler/bin/../arm-linux-gnueabihf/libc/lib/arm-linux-gnueabihf] ==> [/opt/odroid-x2/compiler/arm-linux-gnueabihf/libc/lib/arm-linux-gnueabihf]
  collapse library dir [/opt/odroid-x2/compiler/bin/../arm-linux-gnueabihf/libc/usr/lib] ==> [/opt/odroid-x2/compiler/arm-linux-gnueabihf/libc/usr/lib]
  collapse library dir [/opt/odroid-x2/compiler/bin/../arm-linux-gnueabihf/libc/usr/lib/arm-linux-gnueabihf] ==> [/opt/odroid-x2/compiler/arm-linux-gnueabihf/libc/usr/lib/arm-linux-gnueabihf]
  implicit libs: [c]
  implicit dirs: [/opt/odroid-x2/sdk/usr/lib/arm-linux-gnueabihf;/opt/odroid-x2/compiler/lib/gcc/arm-linux-gnueabihf/4.7.2;/opt/odroid-x2/compiler/lib/gcc;/opt/odroid-x2/compiler/lib/gcc/arm-linux-gnueabihf;/opt/odroid-x2/compiler/arm-linux-gnueabihf/lib;/opt/odroid-x2/compiler/arm-linux-gnueabihf/libc/lib;/opt/odroid-x2/compiler/arm-linux-gnueabihf/libc/lib/arm-linux-gnueabihf;/opt/odroid-x2/compiler/arm-linux-gnueabihf/libc/usr/lib;/opt/odroid-x2/compiler/arm-linux-gnueabihf/libc/usr/lib/arm-linux-gnueabihf]
  implicit fwks: []


Determining if the CXX compiler works passed with the following output:
Change Dir: /home/fatoks/catkin_ws_user/odroid-build/auto_stop_usr/CMakeFiles/CMakeTmp

Run Build Command:/usr/bin/make "cmTryCompileExec1266152570/fast"
/usr/bin/make -f CMakeFiles/cmTryCompileExec1266152570.dir/build.make CMakeFiles/cmTryCompileExec1266152570.dir/build
make[1]: se ingresa al directorio «/home/fatoks/catkin_ws_user/odroid-build/auto_stop_usr/CMakeFiles/CMakeTmp»
/usr/bin/cmake -E cmake_progress_report /home/fatoks/catkin_ws_user/odroid-build/auto_stop_usr/CMakeFiles/CMakeTmp/CMakeFiles 1
Building CXX object CMakeFiles/cmTryCompileExec1266152570.dir/testCXXCompiler.cxx.o
/opt/odroid-x2/compiler/bin/arm-linux-gnueabihf-g++     -o CMakeFiles/cmTryCompileExec1266152570.dir/testCXXCompiler.cxx.o -c /home/fatoks/catkin_ws_user/odroid-build/auto_stop_usr/CMakeFiles/CMakeTmp/testCXXCompiler.cxx
Linking CXX executable cmTryCompileExec1266152570
/usr/bin/cmake -E cmake_link_script CMakeFiles/cmTryCompileExec1266152570.dir/link.txt --verbose=1
/opt/odroid-x2/compiler/bin/arm-linux-gnueabihf-g++        CMakeFiles/cmTryCompileExec1266152570.dir/testCXXCompiler.cxx.o  -o cmTryCompileExec1266152570  -L/opt/odroid-x2/sdk/usr/lib/arm-linux-gnueabihf -rdynamic 
make[1]: se sale del directorio «/home/fatoks/catkin_ws_user/odroid-build/auto_stop_usr/CMakeFiles/CMakeTmp»


Detecting CXX compiler ABI info compiled with the following output:
Change Dir: /home/fatoks/catkin_ws_user/odroid-build/auto_stop_usr/CMakeFiles/CMakeTmp

Run Build Command:/usr/bin/make "cmTryCompileExec1247727520/fast"
/usr/bin/make -f CMakeFiles/cmTryCompileExec1247727520.dir/build.make CMakeFiles/cmTryCompileExec1247727520.dir/build
make[1]: se ingresa al directorio «/home/fatoks/catkin_ws_user/odroid-build/auto_stop_usr/CMakeFiles/CMakeTmp»
/usr/bin/cmake -E cmake_progress_report /home/fatoks/catkin_ws_user/odroid-build/auto_stop_usr/CMakeFiles/CMakeTmp/CMakeFiles 1
Building CXX object CMakeFiles/cmTryCompileExec1247727520.dir/CMakeCXXCompilerABI.cpp.o
/opt/odroid-x2/compiler/bin/arm-linux-gnueabihf-g++     -o CMakeFiles/cmTryCompileExec1247727520.dir/CMakeCXXCompilerABI.cpp.o -c /usr/share/cmake-2.8/Modules/CMakeCXXCompilerABI.cpp
Linking CXX executable cmTryCompileExec1247727520
/usr/bin/cmake -E cmake_link_script CMakeFiles/cmTryCompileExec1247727520.dir/link.txt --verbose=1
/opt/odroid-x2/compiler/bin/arm-linux-gnueabihf-g++      -v CMakeFiles/cmTryCompileExec1247727520.dir/CMakeCXXCompilerABI.cpp.o  -o cmTryCompileExec1247727520  -L/opt/odroid-x2/sdk/usr/lib/arm-linux-gnueabihf -rdynamic  
Usando especificaciones internas.
COLLECT_GCC=/opt/odroid-x2/compiler/bin/arm-linux-gnueabihf-g++
COLLECT_LTO_WRAPPER=/opt/odroid-x2/compiler/bin/../libexec/gcc/arm-linux-gnueabihf/4.7.2/lto-wrapper
Objetivo: arm-linux-gnueabihf
Configurado con: /cbuild/slaves/oort12/crosstool-ng/builds/arm-linux-gnueabihf-linux/.build/src/gcc-linaro-4.7-2012.08/configure --build=i686-build_pc-linux-gnu --host=i686-build_pc-linux-gnu --target=arm-linux-gnueabihf --prefix=/cbuild/slaves/oort12/crosstool-ng/builds/arm-linux-gnueabihf-linux/install --with-sysroot=/cbuild/slaves/oort12/crosstool-ng/builds/arm-linux-gnueabihf-linux/install/arm-linux-gnueabihf/libc --enable-languages=c,c++,fortran --enable-multilib --with-arch=armv7-a --with-tune=cortex-a9 --with-fpu=vfpv3-d16 --with-float=hard --with-pkgversion='crosstool-NG linaro-1.13.1-2012.08-20120827 - Linaro GCC 2012.08' --with-bugurl=https://bugs.launchpad.net/gcc-linaro --enable-__cxa_atexit --enable-libmudflap --enable-libgomp --enable-libssp --with-gmp=/cbuild/slaves/oort12/crosstool-ng/builds/arm-linux-gnueabihf-linux/.build/arm-linux-gnueabihf/build/static --with-mpfr=/cbuild/slaves/oort12/crosstool-ng/builds/arm-linux-gnueabihf-linux/.build/arm-linux-gnueabihf/build/static --with-mpc=/cbuild/slaves/oort12/crosstool-ng/builds/arm-linux-gnueabihf-linux/.build/arm-linux-gnueabihf/build/static --with-ppl=/cbuild/slaves/oort12/crosstool-ng/builds/arm-linux-gnueabihf-linux/.build/arm-linux-gnueabihf/build/static --with-cloog=/cbuild/slaves/oort12/crosstool-ng/builds/arm-linux-gnueabihf-linux/.build/arm-linux-gnueabihf/build/static --with-libelf=/cbuild/slaves/oort12/crosstool-ng/builds/arm-linux-gnueabihf-linux/.build/arm-linux-gnueabihf/build/static --with-host-libstdcxx='-L/cbuild/slaves/oort12/crosstool-ng/builds/arm-linux-gnueabihf-linux/.build/arm-linux-gnueabihf/build/static/lib -lpwl' --enable-threads=posix --disable-libstdcxx-pch --enable-linker-build-id --enable-gold --with-local-prefix=/cbuild/slaves/oort12/crosstool-ng/builds/arm-linux-gnueabihf-linux/install/arm-linux-gnueabihf/libc --enable-c99 --enable-long-long --with-mode=thumb
Modelo de hilos: posix
gcc versión 4.7.2 20120731 (prerelease) (crosstool-NG linaro-1.13.1-2012.08-20120827 - Linaro GCC 2012.08) 
COMPILER_PATH=/opt/odroid-x2/compiler/bin/../libexec/gcc/arm-linux-gnueabihf/4.7.2/:/opt/odroid-x2/compiler/bin/../libexec/gcc/:/opt/odroid-x2/compiler/bin/../libexec/gcc/arm-linux-gnueabihf/:/opt/odroid-x2/compiler/bin/../lib/gcc/arm-linux-gnueabihf/4.7.2/../../../../arm-linux-gnueabihf/bin/
LIBRARY_PATH=/opt/odroid-x2/compiler/bin/../lib/gcc/arm-linux-gnueabihf/4.7.2/:/opt/odroid-x2/compiler/bin/../lib/gcc/:/opt/odroid-x2/compiler/bin/../lib/gcc/arm-linux-gnueabihf/:/opt/odroid-x2/compiler/bin/../lib/gcc/arm-linux-gnueabihf/4.7.2/../../../../arm-linux-gnueabihf/lib/:/opt/odroid-x2/compiler/bin/../arm-linux-gnueabihf/libc/lib/:/opt/odroid-x2/compiler/bin/../arm-linux-gnueabihf/libc/lib/arm-linux-gnueabihf/:/opt/odroid-x2/compiler/bin/../arm-linux-gnueabihf/libc/usr/lib/:/opt/odroid-x2/compiler/bin/../arm-linux-gnueabihf/libc/usr/lib/arm-linux-gnueabihf/
COLLECT_GCC_OPTIONS='-v' '-o' 'cmTryCompileExec1247727520' '-L/opt/odroid-x2/sdk/usr/lib/arm-linux-gnueabihf' '-rdynamic' '-shared-libgcc' '-march=armv7-a' '-mtune=cortex-a9' '-mfloat-abi=hard' '-mfpu=vfpv3-d16' '-mthumb' '-mtls-dialect=gnu'
 /opt/odroid-x2/compiler/bin/../libexec/gcc/arm-linux-gnueabihf/4.7.2/collect2 --sysroot=/opt/odroid-x2/compiler/bin/../arm-linux-gnueabihf/libc --build-id --eh-frame-hdr -export-dynamic -dynamic-linker /lib/ld-linux-armhf.so.3 -X -m armelf_linux_eabi -o cmTryCompileExec1247727520 /opt/odroid-x2/compiler/bin/../arm-linux-gnueabihf/libc/usr/lib/arm-linux-gnueabihf/crt1.o /opt/odroid-x2/compiler/bin/../arm-linux-gnueabihf/libc/usr/lib/arm-linux-gnueabihf/crti.o /opt/odroid-x2/compiler/bin/../lib/gcc/arm-linux-gnueabihf/4.7.2/crtbegin.o -L/opt/odroid-x2/sdk/usr/lib/arm-linux-gnueabihf -L/opt/odroid-x2/compiler/bin/../lib/gcc/arm-linux-gnueabihf/4.7.2 -L/opt/odroid-x2/compiler/bin/../lib/gcc -L/opt/odroid-x2/compiler/bin/../lib/gcc/arm-linux-gnueabihf -L/opt/odroid-x2/compiler/bin/../lib/gcc/arm-linux-gnueabihf/4.7.2/../../../../arm-linux-gnueabihf/lib -L/opt/odroid-x2/compiler/bin/../arm-linux-gnueabihf/libc/lib -L/opt/odroid-x2/compiler/bin/../arm-linux-gnueabihf/libc/lib/arm-linux-gnueabihf -L/opt/odroid-x2/compiler/bin/../arm-linux-gnueabihf/libc/usr/lib -L/opt/odroid-x2/compiler/bin/../arm-linux-gnueabihf/libc/usr/lib/arm-linux-gnueabihf CMakeFiles/cmTryCompileExec1247727520.dir/CMakeCXXCompilerABI.cpp.o -lstdc++ -lm -lgcc_s -lgcc -lc -lgcc_s -lgcc /opt/odroid-x2/compiler/bin/../lib/gcc/arm-linux-gnueabihf/4.7.2/crtend.o /opt/odroid-x2/compiler/bin/../arm-linux-gnueabihf/libc/usr/lib/arm-linux-gnueabihf/crtn.o
make[1]: se sale del directorio «/home/fatoks/catkin_ws_user/odroid-build/auto_stop_usr/CMakeFiles/CMakeTmp»


Parsed CXX implicit link information from above output:
  link line regex: [^( *|.*[/\])(arm-linux-gnueabihf-ld|([^/\]+-)?ld|collect2)[^/\]*( |$)]
  ignore line: [Change Dir: /home/fatoks/catkin_ws_user/odroid-build/auto_stop_usr/CMakeFiles/CMakeTmp]
  ignore line: []
  ignore line: [Run Build Command:/usr/bin/make "cmTryCompileExec1247727520/fast"]
  ignore line: [/usr/bin/make -f CMakeFiles/cmTryCompileExec1247727520.dir/build.make CMakeFiles/cmTryCompileExec1247727520.dir/build]
  ignore line: [make[1]: se ingresa al directorio «/home/fatoks/catkin_ws_user/odroid-build/auto_stop_usr/CMakeFiles/CMakeTmp»]
  ignore line: [/usr/bin/cmake -E cmake_progress_report /home/fatoks/catkin_ws_user/odroid-build/auto_stop_usr/CMakeFiles/CMakeTmp/CMakeFiles 1]
  ignore line: [Building CXX object CMakeFiles/cmTryCompileExec1247727520.dir/CMakeCXXCompilerABI.cpp.o]
  ignore line: [/opt/odroid-x2/compiler/bin/arm-linux-gnueabihf-g++     -o CMakeFiles/cmTryCompileExec1247727520.dir/CMakeCXXCompilerABI.cpp.o -c /usr/share/cmake-2.8/Modules/CMakeCXXCompilerABI.cpp]
  ignore line: [Linking CXX executable cmTryCompileExec1247727520]
  ignore line: [/usr/bin/cmake -E cmake_link_script CMakeFiles/cmTryCompileExec1247727520.dir/link.txt --verbose=1]
  ignore line: [/opt/odroid-x2/compiler/bin/arm-linux-gnueabihf-g++      -v CMakeFiles/cmTryCompileExec1247727520.dir/CMakeCXXCompilerABI.cpp.o  -o cmTryCompileExec1247727520  -L/opt/odroid-x2/sdk/usr/lib/arm-linux-gnueabihf -rdynamic  ]
  ignore line: [Usando especificaciones internas.]
  ignore line: [COLLECT_GCC=/opt/odroid-x2/compiler/bin/arm-linux-gnueabihf-g++]
  ignore line: [COLLECT_LTO_WRAPPER=/opt/odroid-x2/compiler/bin/../libexec/gcc/arm-linux-gnueabihf/4.7.2/lto-wrapper]
  ignore line: [Objetivo: arm-linux-gnueabihf]
  ignore line: [Configurado con: /cbuild/slaves/oort12/crosstool-ng/builds/arm-linux-gnueabihf-linux/.build/src/gcc-linaro-4.7-2012.08/configure --build=i686-build_pc-linux-gnu --host=i686-build_pc-linux-gnu --target=arm-linux-gnueabihf --prefix=/cbuild/slaves/oort12/crosstool-ng/builds/arm-linux-gnueabihf-linux/install --with-sysroot=/cbuild/slaves/oort12/crosstool-ng/builds/arm-linux-gnueabihf-linux/install/arm-linux-gnueabihf/libc --enable-languages=c,c++,fortran --enable-multilib --with-arch=armv7-a --with-tune=cortex-a9 --with-fpu=vfpv3-d16 --with-float=hard --with-pkgversion='crosstool-NG linaro-1.13.1-2012.08-20120827 - Linaro GCC 2012.08' --with-bugurl=https://bugs.launchpad.net/gcc-linaro --enable-__cxa_atexit --enable-libmudflap --enable-libgomp --enable-libssp --with-gmp=/cbuild/slaves/oort12/crosstool-ng/builds/arm-linux-gnueabihf-linux/.build/arm-linux-gnueabihf/build/static --with-mpfr=/cbuild/slaves/oort12/crosstool-ng/builds/arm-linux-gnueabihf-linux/.build/arm-linux-gnueabihf/build/static --with-mpc=/cbuild/slaves/oort12/crosstool-ng/builds/arm-linux-gnueabihf-linux/.build/arm-linux-gnueabihf/build/static --with-ppl=/cbuild/slaves/oort12/crosstool-ng/builds/arm-linux-gnueabihf-linux/.build/arm-linux-gnueabihf/build/static --with-cloog=/cbuild/slaves/oort12/crosstool-ng/builds/arm-linux-gnueabihf-linux/.build/arm-linux-gnueabihf/build/static --with-libelf=/cbuild/slaves/oort12/crosstool-ng/builds/arm-linux-gnueabihf-linux/.build/arm-linux-gnueabihf/build/static --with-host-libstdcxx='-L/cbuild/slaves/oort12/crosstool-ng/builds/arm-linux-gnueabihf-linux/.build/arm-linux-gnueabihf/build/static/lib -lpwl' --enable-threads=posix --disable-libstdcxx-pch --enable-linker-build-id --enable-gold --with-local-prefix=/cbuild/slaves/oort12/crosstool-ng/builds/arm-linux-gnueabihf-linux/install/arm-linux-gnueabihf/libc --enable-c99 --enable-long-long --with-mode=thumb]
  ignore line: [Modelo de hilos: posix]
  ignore line: [gcc versión 4.7.2 20120731 (prerelease) (crosstool-NG linaro-1.13.1-2012.08-20120827 - Linaro GCC 2012.08) ]
  ignore line: [COMPILER_PATH=/opt/odroid-x2/compiler/bin/../libexec/gcc/arm-linux-gnueabihf/4.7.2/:/opt/odroid-x2/compiler/bin/../libexec/gcc/:/opt/odroid-x2/compiler/bin/../libexec/gcc/arm-linux-gnueabihf/:/opt/odroid-x2/compiler/bin/../lib/gcc/arm-linux-gnueabihf/4.7.2/../../../../arm-linux-gnueabihf/bin/]
  ignore line: [LIBRARY_PATH=/opt/odroid-x2/compiler/bin/../lib/gcc/arm-linux-gnueabihf/4.7.2/:/opt/odroid-x2/compiler/bin/../lib/gcc/:/opt/odroid-x2/compiler/bin/../lib/gcc/arm-linux-gnueabihf/:/opt/odroid-x2/compiler/bin/../lib/gcc/arm-linux-gnueabihf/4.7.2/../../../../arm-linux-gnueabihf/lib/:/opt/odroid-x2/compiler/bin/../arm-linux-gnueabihf/libc/lib/:/opt/odroid-x2/compiler/bin/../arm-linux-gnueabihf/libc/lib/arm-linux-gnueabihf/:/opt/odroid-x2/compiler/bin/../arm-linux-gnueabihf/libc/usr/lib/:/opt/odroid-x2/compiler/bin/../arm-linux-gnueabihf/libc/usr/lib/arm-linux-gnueabihf/]
  ignore line: [COLLECT_GCC_OPTIONS='-v' '-o' 'cmTryCompileExec1247727520' '-L/opt/odroid-x2/sdk/usr/lib/arm-linux-gnueabihf' '-rdynamic' '-shared-libgcc' '-march=armv7-a' '-mtune=cortex-a9' '-mfloat-abi=hard' '-mfpu=vfpv3-d16' '-mthumb' '-mtls-dialect=gnu']
  link line: [ /opt/odroid-x2/compiler/bin/../libexec/gcc/arm-linux-gnueabihf/4.7.2/collect2 --sysroot=/opt/odroid-x2/compiler/bin/../arm-linux-gnueabihf/libc --build-id --eh-frame-hdr -export-dynamic -dynamic-linker /lib/ld-linux-armhf.so.3 -X -m armelf_linux_eabi -o cmTryCompileExec1247727520 /opt/odroid-x2/compiler/bin/../arm-linux-gnueabihf/libc/usr/lib/arm-linux-gnueabihf/crt1.o /opt/odroid-x2/compiler/bin/../arm-linux-gnueabihf/libc/usr/lib/arm-linux-gnueabihf/crti.o /opt/odroid-x2/compiler/bin/../lib/gcc/arm-linux-gnueabihf/4.7.2/crtbegin.o -L/opt/odroid-x2/sdk/usr/lib/arm-linux-gnueabihf -L/opt/odroid-x2/compiler/bin/../lib/gcc/arm-linux-gnueabihf/4.7.2 -L/opt/odroid-x2/compiler/bin/../lib/gcc -L/opt/odroid-x2/compiler/bin/../lib/gcc/arm-linux-gnueabihf -L/opt/odroid-x2/compiler/bin/../lib/gcc/arm-linux-gnueabihf/4.7.2/../../../../arm-linux-gnueabihf/lib -L/opt/odroid-x2/compiler/bin/../arm-linux-gnueabihf/libc/lib -L/opt/odroid-x2/compiler/bin/../arm-linux-gnueabihf/libc/lib/arm-linux-gnueabihf -L/opt/odroid-x2/compiler/bin/../arm-linux-gnueabihf/libc/usr/lib -L/opt/odroid-x2/compiler/bin/../arm-linux-gnueabihf/libc/usr/lib/arm-linux-gnueabihf CMakeFiles/cmTryCompileExec1247727520.dir/CMakeCXXCompilerABI.cpp.o -lstdc++ -lm -lgcc_s -lgcc -lc -lgcc_s -lgcc /opt/odroid-x2/compiler/bin/../lib/gcc/arm-linux-gnueabihf/4.7.2/crtend.o /opt/odroid-x2/compiler/bin/../arm-linux-gnueabihf/libc/usr/lib/arm-linux-gnueabihf/crtn.o]
    arg [/opt/odroid-x2/compiler/bin/../libexec/gcc/arm-linux-gnueabihf/4.7.2/collect2] ==> ignore
    arg [--sysroot=/opt/odroid-x2/compiler/bin/../arm-linux-gnueabihf/libc] ==> ignore
    arg [--build-id] ==> ignore
    arg [--eh-frame-hdr] ==> ignore
    arg [-export-dynamic] ==> ignore
    arg [-dynamic-linker] ==> ignore
    arg [/lib/ld-linux-armhf.so.3] ==> ignore
    arg [-X] ==> ignore
    arg [-m] ==> ignore
    arg [armelf_linux_eabi] ==> ignore
    arg [-o] ==> ignore
    arg [cmTryCompileExec1247727520] ==> ignore
    arg [/opt/odroid-x2/compiler/bin/../arm-linux-gnueabihf/libc/usr/lib/arm-linux-gnueabihf/crt1.o] ==> ignore
    arg [/opt/odroid-x2/compiler/bin/../arm-linux-gnueabihf/libc/usr/lib/arm-linux-gnueabihf/crti.o] ==> ignore
    arg [/opt/odroid-x2/compiler/bin/../lib/gcc/arm-linux-gnueabihf/4.7.2/crtbegin.o] ==> ignore
    arg [-L/opt/odroid-x2/sdk/usr/lib/arm-linux-gnueabihf] ==> dir [/opt/odroid-x2/sdk/usr/lib/arm-linux-gnueabihf]
    arg [-L/opt/odroid-x2/compiler/bin/../lib/gcc/arm-linux-gnueabihf/4.7.2] ==> dir [/opt/odroid-x2/compiler/bin/../lib/gcc/arm-linux-gnueabihf/4.7.2]
    arg [-L/opt/odroid-x2/compiler/bin/../lib/gcc] ==> dir [/opt/odroid-x2/compiler/bin/../lib/gcc]
    arg [-L/opt/odroid-x2/compiler/bin/../lib/gcc/arm-linux-gnueabihf] ==> dir [/opt/odroid-x2/compiler/bin/../lib/gcc/arm-linux-gnueabihf]
    arg [-L/opt/odroid-x2/compiler/bin/../lib/gcc/arm-linux-gnueabihf/4.7.2/../../../../arm-linux-gnueabihf/lib] ==> dir [/opt/odroid-x2/compiler/bin/../lib/gcc/arm-linux-gnueabihf/4.7.2/../../../../arm-linux-gnueabihf/lib]
    arg [-L/opt/odroid-x2/compiler/bin/../arm-linux-gnueabihf/libc/lib] ==> dir [/opt/odroid-x2/compiler/bin/../arm-linux-gnueabihf/libc/lib]
    arg [-L/opt/odroid-x2/compiler/bin/../arm-linux-gnueabihf/libc/lib/arm-linux-gnueabihf] ==> dir [/opt/odroid-x2/compiler/bin/../arm-linux-gnueabihf/libc/lib/arm-linux-gnueabihf]
    arg [-L/opt/odroid-x2/compiler/bin/../arm-linux-gnueabihf/libc/usr/lib] ==> dir [/opt/odroid-x2/compiler/bin/../arm-linux-gnueabihf/libc/usr/lib]
    arg [-L/opt/odroid-x2/compiler/bin/../arm-linux-gnueabihf/libc/usr/lib/arm-linux-gnueabihf] ==> dir [/opt/odroid-x2/compiler/bin/../arm-linux-gnueabihf/libc/usr/lib/arm-linux-gnueabihf]
    arg [CMakeFiles/cmTryCompileExec1247727520.dir/CMakeCXXCompilerABI.cpp.o] ==> ignore
    arg [-lstdc++] ==> lib [stdc++]
    arg [-lm] ==> lib [m]
    arg [-lgcc_s] ==> lib [gcc_s]
    arg [-lgcc] ==> lib [gcc]
    arg [-lc] ==> lib [c]
    arg [-lgcc_s] ==> lib [gcc_s]
    arg [-lgcc] ==> lib [gcc]
    arg [/opt/odroid-x2/compiler/bin/../lib/gcc/arm-linux-gnueabihf/4.7.2/crtend.o] ==> ignore
    arg [/opt/odroid-x2/compiler/bin/../arm-linux-gnueabihf/libc/usr/lib/arm-linux-gnueabihf/crtn.o] ==> ignore
  remove lib [gcc_s]
  remove lib [gcc]
  remove lib [gcc_s]
  remove lib [gcc]
  collapse library dir [/opt/odroid-x2/sdk/usr/lib/arm-linux-gnueabihf] ==> [/opt/odroid-x2/sdk/usr/lib/arm-linux-gnueabihf]
  collapse library dir [/opt/odroid-x2/compiler/bin/../lib/gcc/arm-linux-gnueabihf/4.7.2] ==> [/opt/odroid-x2/compiler/lib/gcc/arm-linux-gnueabihf/4.7.2]
  collapse library dir [/opt/odroid-x2/compiler/bin/../lib/gcc] ==> [/opt/odroid-x2/compiler/lib/gcc]
  collapse library dir [/opt/odroid-x2/compiler/bin/../lib/gcc/arm-linux-gnueabihf] ==> [/opt/odroid-x2/compiler/lib/gcc/arm-linux-gnueabihf]
  collapse library dir [/opt/odroid-x2/compiler/bin/../lib/gcc/arm-linux-gnueabihf/4.7.2/../../../../arm-linux-gnueabihf/lib] ==> [/opt/odroid-x2/compiler/arm-linux-gnueabihf/lib]
  collapse library dir [/opt/odroid-x2/compiler/bin/../arm-linux-gnueabihf/libc/lib] ==> [/opt/odroid-x2/compiler/arm-linux-gnueabihf/libc/lib]
  collapse library dir [/opt/odroid-x2/compiler/bin/../arm-linux-gnueabihf/libc/lib/arm-linux-gnueabihf] ==> [/opt/odroid-x2/compiler/arm-linux-gnueabihf/libc/lib/arm-linux-gnueabihf]
  collapse library dir [/opt/odroid-x2/compiler/bin/../arm-linux-gnueabihf/libc/usr/lib] ==> [/opt/odroid-x2/compiler/arm-linux-gnueabihf/libc/usr/lib]
  collapse library dir [/opt/odroid-x2/compiler/bin/../arm-linux-gnueabihf/libc/usr/lib/arm-linux-gnueabihf] ==> [/opt/odroid-x2/compiler/arm-linux-gnueabihf/libc/usr/lib/arm-linux-gnueabihf]
  implicit libs: [stdc++;m;c]
  implicit dirs: [/opt/odroid-x2/sdk/usr/lib/arm-linux-gnueabihf;/opt/odroid-x2/compiler/lib/gcc/arm-linux-gnueabihf/4.7.2;/opt/odroid-x2/compiler/lib/gcc;/opt/odroid-x2/compiler/lib/gcc/arm-linux-gnueabihf;/opt/odroid-x2/compiler/arm-linux-gnueabihf/lib;/opt/odroid-x2/compiler/arm-linux-gnueabihf/libc/lib;/opt/odroid-x2/compiler/arm-linux-gnueabihf/libc/lib/arm-linux-gnueabihf;/opt/odroid-x2/compiler/arm-linux-gnueabihf/libc/usr/lib;/opt/odroid-x2/compiler/arm-linux-gnueabihf/libc/usr/lib/arm-linux-gnueabihf]
  implicit fwks: []


Determining if files pthread.h exist passed with the following output:
Change Dir: /home/fatoks/catkin_ws_user/odroid-build/auto_stop_usr/CMakeFiles/CMakeTmp

Run Build Command:/usr/bin/make "cmTryCompileExec2845110616/fast"
/usr/bin/make -f CMakeFiles/cmTryCompileExec2845110616.dir/build.make CMakeFiles/cmTryCompileExec2845110616.dir/build
make[1]: se ingresa al directorio «/home/fatoks/catkin_ws_user/odroid-build/auto_stop_usr/CMakeFiles/CMakeTmp»
/usr/bin/cmake -E cmake_progress_report /home/fatoks/catkin_ws_user/odroid-build/auto_stop_usr/CMakeFiles/CMakeTmp/CMakeFiles 1
Building C object CMakeFiles/cmTryCompileExec2845110616.dir/CheckIncludeFiles.c.o
/opt/odroid-x2/compiler/bin/arm-linux-gnueabihf-gcc    -o CMakeFiles/cmTryCompileExec2845110616.dir/CheckIncludeFiles.c.o   -c /home/fatoks/catkin_ws_user/odroid-build/auto_stop_usr/CMakeFiles/CMakeTmp/CheckIncludeFiles.c
Linking C executable cmTryCompileExec2845110616
/usr/bin/cmake -E cmake_link_script CMakeFiles/cmTryCompileExec2845110616.dir/link.txt --verbose=1
/opt/odroid-x2/compiler/bin/arm-linux-gnueabihf-gcc       CMakeFiles/cmTryCompileExec2845110616.dir/CheckIncludeFiles.c.o  -o cmTryCompileExec2845110616 -rdynamic 
make[1]: se sale del directorio «/home/fatoks/catkin_ws_user/odroid-build/auto_stop_usr/CMakeFiles/CMakeTmp»


Determining if the function pthread_create exists in the pthread passed with the following output:
Change Dir: /home/fatoks/catkin_ws_user/odroid-build/auto_stop_usr/CMakeFiles/CMakeTmp

Run Build Command:/usr/bin/make "cmTryCompileExec2114574832/fast"
/usr/bin/make -f CMakeFiles/cmTryCompileExec2114574832.dir/build.make CMakeFiles/cmTryCompileExec2114574832.dir/build
make[1]: se ingresa al directorio «/home/fatoks/catkin_ws_user/odroid-build/auto_stop_usr/CMakeFiles/CMakeTmp»
/usr/bin/cmake -E cmake_progress_report /home/fatoks/catkin_ws_user/odroid-build/auto_stop_usr/CMakeFiles/CMakeTmp/CMakeFiles 1
Building C object CMakeFiles/cmTryCompileExec2114574832.dir/CheckFunctionExists.c.o
/opt/odroid-x2/compiler/bin/arm-linux-gnueabihf-gcc   -DCHECK_FUNCTION_EXISTS=pthread_create   -o CMakeFiles/cmTryCompileExec2114574832.dir/CheckFunctionExists.c.o   -c /usr/share/cmake-2.8/Modules/CheckFunctionExists.c
Linking C executable cmTryCompileExec2114574832
/usr/bin/cmake -E cmake_link_script CMakeFiles/cmTryCompileExec2114574832.dir/link.txt --verbose=1
/opt/odroid-x2/compiler/bin/arm-linux-gnueabihf-gcc   -DCHECK_FUNCTION_EXISTS=pthread_create    CMakeFiles/cmTryCompileExec2114574832.dir/CheckFunctionExists.c.o  -o cmTryCompileExec2114574832 -rdynamic -lpthread 
make[1]: se sale del directorio «/home/fatoks/catkin_ws_user/odroid-build/auto_stop_usr/CMakeFiles/CMakeTmp»


